{"name":"Verifies price per currency for products","status":"skipped","statusDetails":{"known":false,"muted":false,"flaky":false,"message":"java.lang.IllegalStateException: Not a JSON Object: [{\"item\":\"MacBook\",\"price\":[{\"us\":\"$602.00\",\"eu\":\"518.16€\",\"uk\":\"£454.10\"}]}]","trace":"java.lang.RuntimeException: java.lang.IllegalStateException: Not a JSON Object: [{\"item\":\"MacBook\",\"price\":[{\"us\":\"$602.00\",\"eu\":\"518.16€\",\"uk\":\"£454.10\"}]}]\r\n\tat org.testng.internal.MethodInvocationHelper.invokeMethodNoCheckedException(MethodInvocationHelper.java:51)\r\n\tat org.testng.internal.MethodInvocationHelper.invokeDataProvider(MethodInvocationHelper.java:147)\r\n\tat org.testng.internal.Parameters.handleParameters(Parameters.java:801)\r\n\tat org.testng.internal.Parameters.handleParameters(Parameters.java:744)\r\n\tat org.testng.internal.ParameterHandler.handleParameters(ParameterHandler.java:59)\r\n\tat org.testng.internal.ParameterHandler.createParameters(ParameterHandler.java:38)\r\n\tat org.testng.internal.TestInvoker$MethodInvocationAgent.invoke(TestInvoker.java:783)\r\n\tat org.testng.internal.TestInvoker.invokeTestMethods(TestInvoker.java:146)\r\n\tat org.testng.internal.TestMethodWorker.invokeTestMethods(TestMethodWorker.java:146)\r\n\tat org.testng.internal.TestMethodWorker.run(TestMethodWorker.java:128)\r\n\tat java.util.ArrayList.forEach(ArrayList.java:1257)\r\n\tat org.testng.TestRunner.privateRun(TestRunner.java:766)\r\n\tat org.testng.TestRunner.run(TestRunner.java:587)\r\n\tat org.testng.SuiteRunner.runTest(SuiteRunner.java:384)\r\n\tat org.testng.SuiteRunner.runSequentially(SuiteRunner.java:378)\r\n\tat org.testng.SuiteRunner.privateRun(SuiteRunner.java:337)\r\n\tat org.testng.SuiteRunner.run(SuiteRunner.java:286)\r\n\tat org.testng.SuiteRunnerWorker.runSuite(SuiteRunnerWorker.java:53)\r\n\tat org.testng.SuiteRunnerWorker.run(SuiteRunnerWorker.java:96)\r\n\tat org.testng.TestNG.runSuitesSequentially(TestNG.java:1187)\r\n\tat org.testng.TestNG.runSuitesLocally(TestNG.java:1109)\r\n\tat org.testng.TestNG.runSuites(TestNG.java:1039)\r\n\tat org.testng.TestNG.run(TestNG.java:1007)\r\n\tat com.intellij.rt.testng.IDEARemoteTestNG.run(IDEARemoteTestNG.java:66)\r\n\tat com.intellij.rt.testng.RemoteTestNGStarter.main(RemoteTestNGStarter.java:110)\r\nCaused by: java.lang.IllegalStateException: Not a JSON Object: [{\"item\":\"MacBook\",\"price\":[{\"us\":\"$602.00\",\"eu\":\"518.16€\",\"uk\":\"£454.10\"}]}]\r\n\tat com.google.gson.JsonElement.getAsJsonObject(JsonElement.java:91)\r\n\tat dataproviders.itemProvider.getProductsPrices(itemProvider.java:38)\r\n\tat sun.reflect.NativeMethodAccessorImpl.invoke0(Native Method)\r\n\tat sun.reflect.NativeMethodAccessorImpl.invoke(NativeMethodAccessorImpl.java:62)\r\n\tat sun.reflect.DelegatingMethodAccessorImpl.invoke(DelegatingMethodAccessorImpl.java:43)\r\n\tat java.lang.reflect.Method.invoke(Method.java:498)\r\n\tat org.testng.internal.MethodInvocationHelper.invokeMethod(MethodInvocationHelper.java:134)\r\n\tat org.testng.internal.MethodInvocationHelper.invokeMethod(MethodInvocationHelper.java:78)\r\n\tat org.testng.internal.MethodInvocationHelper.invokeMethodNoCheckedException(MethodInvocationHelper.java:47)\r\n\t... 24 more\r\n"},"stage":"finished","steps":[],"attachments":[],"parameters":[],"start":1594183867389,"stop":1594183867394,"uuid":"a1a2f6d9-fbdb-4102-831f-a6ebdf8a825e","historyId":"2b9f0cc92837975694a4dc7809a0d2d1","fullName":"testcase3.priceCurrencyTest.price_matches_currency","labels":[{"name":"package","value":"testcase3.priceCurrencyTest"},{"name":"testClass","value":"testcase3.priceCurrencyTest"},{"name":"testMethod","value":"price_matches_currency"},{"name":"parentSuite","value":"Default Suite"},{"name":"suite","value":"opencart-e2e-framework"},{"name":"subSuite","value":"testcase3.priceCurrencyTest"},{"name":"host","value":"CRacostaad01"},{"name":"thread","value":"16716@CRacostaad01.main(1)"},{"name":"framework","value":"testng"},{"name":"language","value":"java"}],"links":[]}