<?xml version="1.0" encoding="UTF-8"?>
<testng-results skipped="0" failed="0" ignored="0" total="1" passed="1">
  <reporter-output>
  </reporter-output>
  <suite name="Proyecto Suite" duration-ms="12325" started-at="2020-07-03T01:12:18 CST" finished-at="2020-07-03T01:12:31 CST">
    <groups>
      <group name="sanity">
        <method signature="newUserTest.createNewUser(pojo.userRegister)[pri:0, instance:testcase1.newUserTest@4275c20c]" name="createNewUser" class="testcase1.newUserTest"/>
      </group> <!-- sanity -->
    </groups>
    <test name="Caso de prueba 1" duration-ms="12325" started-at="2020-07-03T01:12:18 CST" finished-at="2020-07-03T01:12:31 CST">
      <class name="testcase1.newUserTest">
        <test-method status="PASS" signature="setUpTest(java.lang.String)[pri:0, instance:testcase1.newUserTest@4275c20c]" name="setUpTest" is-config="true" duration-ms="6167" started-at="2020-07-03T01:12:19 CST" finished-at="2020-07-03T01:12:25 CST">
          <params>
            <param index="0">
              <value>
                <![CDATA[chrome]]>
              </value>
            </param>
          </params>
          <reporter-output>
          </reporter-output>
        </test-method> <!-- setUpTest -->
        <test-method status="PASS" signature="createNewUser(pojo.userRegister)[pri:0, instance:testcase1.newUserTest@4275c20c]" name="createNewUser" duration-ms="4009" started-at="2020-07-03T01:12:25 CST" description="Registers a new user account" data-provider="getNewUserDataFromJson" finished-at="2020-07-03T01:12:29 CST">
          <params>
            <param index="0">
              <value>
                <![CDATA[pojo.userRegister@373052b5]]>
              </value>
            </param>
          </params>
          <reporter-output>
          </reporter-output>
        </test-method> <!-- createNewUser -->
        <test-method status="PASS" signature="tearDown()[pri:0, instance:testcase1.newUserTest@4275c20c]" name="tearDown" is-config="true" duration-ms="1633" started-at="2020-07-03T01:12:29 CST" finished-at="2020-07-03T01:12:31 CST">
          <reporter-output>
          </reporter-output>
        </test-method> <!-- tearDown -->
      </class> <!-- testcase1.newUserTest -->
    </test> <!-- Caso de prueba 1 -->
  </suite> <!-- Proyecto Suite -->
</testng-results>
